make.exe all --print-data-base --no-builtin-variables --no-builtin-rules --question
# GNU Make 4.2.1
# Built for x86_64-w64-mingw32
# Copyright (C) 1988-2016 Free Software Foundation, Inc.
# License GPLv3+: GNU GPL version 3 or later <http://gnu.org/licenses/gpl.html>
# This is free software: you are free to change and redistribute it.
# There is NO WARRANTY, to the extent permitted by law.

# Make data base, printed on Sun Nov 28 04:31:00 2021

# Variables

# 'override' directive
GNUMAKEFLAGS := 
# automatic
<D = $(patsubst %/,%,$(patsubst %\,%,$(dir $<)))
# automatic
?F = $(notdir $?)
# default
.SHELLFLAGS := -c
# makefile (from 'Makefile', line 205)
LDSCRIPT = STM32F407IGHx_FLASH.ld
# makefile
MAKEFLAGS = pqrR
# environment
VSCODE_LOG_NATIVE = false
# makefile (from 'Makefile', line 16)
TARGET = STM32F407_2022_framework
# automatic
?D = $(patsubst %/,%,$(patsubst %\,%,$(dir $?)))
# makefile (from 'Makefile', line 157)
AS_DEFS = 
# makefile (from 'Makefile', line 166)
AS_INCLUDES = -ICore\Inc
# automatic
@D = $(patsubst %/,%,$(patsubst %\,%,$(dir $@)))
# environment
HOMEDRIVE = C:
# automatic
@F = $(notdir $@)
# automatic
^D = $(patsubst %/,%,$(patsubst %\,%,$(dir $^)))
# makefile
CURDIR := e:/STM32Prj/STM32F407_2022_framework
# default
SHELL := sh.exe
# makefile (from 'Makefile', line 138)
BIN = $(CP) -O binary -S
# environment
WINDIR = C:\Windows
# environment
VSCODE_NLS_CONFIG = {"locale":"zh-cn","availableLanguages":{"*":"zh-cn"},"_languagePackId":"92f61bb58ac5751fbb82c3c2359454f5.zh-cn","_translationsConfigFile":"C:\\Users\\10120\\AppData\\Roaming\\Code\\clp\\92f61bb58ac5751fbb82c3c2359454f5.zh-cn\\tcf.json","_cacheRoot":"C:\\Users\\10120\\AppData\\Roaming\\Code\\clp\\92f61bb58ac5751fbb82c3c2359454f5.zh-cn","_resolvedLanguagePackCoreLocation":"C:\\Users\\10120\\AppData\\Roaming\\Code\\clp\\92f61bb58ac5751fbb82c3c2359454f5.zh-cn\\ccbaa2d27e38e5afa3e5c21c1c7bef4657064247","_corruptedFile":"C:\\Users\\10120\\AppData\\Roaming\\Code\\clp\\92f61bb58ac5751fbb82c3c2359454f5.zh-cn\\corrupted.info","_languagePackSupport":true}
# makefile (from 'Makefile', line 135)
SZ = $(PREFIX)size
# makefile (from 'Makefile', line 198)
CFLAGS = $(MCU) $(C_DEFS) $(C_INCLUDES) $(OPT) -Wall -fdata-sections -ffunction-sections -g -gdwarf-2 -MMD -MP -MF"$(@:%.o=%.d)"
# environment
ONEDRIVE = C:\Users\10120\OneDrive
# environment
PATHEXT = .COM;.EXE;.BAT;.CMD;.VBS;.VBE;.JS;.JSE;.WSF;.WSH;.MSC
# makefile (from 'Makefile',  
line 1)
MAKEFILE_LIST :=  Makefile
# environment
FPS_BROWSER_USER_PROFILE_STRING = Default
# makefile (from 'Makefile', line 134)
CP = $(PREFIX)objcopy
# makefile (from 'Makefile', line 23)
DEBUG = 1
# environment
TMP = C:\Users\10120\AppData\Local\Temp
# environment
VSCODE_VERBOSE_LOGGING = true
# makefile (from 'Makefile', line 133)
AS = $(PREFIX)gcc -x assembler-with-cpp
# environment
PROGRAMW6432 = C:\Program Files
# environment
PROGRAMDATA = C:\ProgramData
# environment
VSCODE_IPC_HOOK_EXTHOST = \\.\pipe\vscode-ipc-4c956413-ff26-418e-9711-e341911770ce-sock
# environment
VSCODE_CWD = E:\Programs\Microsoft VS Code
# default
MAKE_HOST := x86_64-w64-mingw32
# environment
PATH = C:\Program Files\Eclipse Adoptium\jdk-11.0.13.8-hotspot\bin;E:\Programs\Miniconda3;E:\Programs\Miniconda3\Library\mingw-w64\bin;E:\Programs\Miniconda3\Library\usr\bin;E:\Programs\Miniconda3\Library\bin;E:\Programs\Miniconda3\Scripts;C:\Windows\system32;C:\Windows;C:\Windows\System32\Wbem;C:\Windows\System32\WindowsPowerShell\v1.0\;C:\Windows\System32\OpenSSH\;C:\Program Files (x86)\NVIDIA Corporation\PhysX\Common;C:\Program Files\NVIDIA Corporation\NVIDIA NvDLISR;C:\Program Files (x86)\dotnet\;E:\Programs\Git\cmd;C:\Program Files\Microsoft SQL Server\Client SDK\ODBC\110\Tools\Binn\;C:\Program Files (x86)\Microsoft SQL Server\120\Tools\Binn\;C:\Program Files\Microsoft SQL Server\120\Tools\Binn\;C:\Program Files\Microsoft SQL Server\120\DTS\Binn\;C:\Program Files (x86)\Windows Kits\8.1\Windows Performance Toolkit\;C:\Program Files\CMake\bin;E:\mingw-w64\x86_64-8.1.0-posix-seh-rt_v6-rev0\mingw64\bin;E:\openocd\bin;C:\Program Files (x86)\GNU Arm Embedded Toolchain\10 2021.10\bin;C:\Users\10120\AppData\Local\Microsoft\WindowsApps;E:\Programs\Microsoft VS Code\bin
# environment
SW_SIM_HYDRA = C:\Program Files\Common Files\SolidWorks Shared\Simulation Worker Agent\
# environment
COMMONPROGRAMW6432 = C:\Program Files\Common Files
# environment
PROCESSOR_ARCHITECTURE = AMD64
# environment
USERPROFILE = C:\Users\10120
# environment
ALLUSERSPROFILE = C:\ProgramData
# environment
VSCODE_LOG_STACK = false
# environment
NUMBER_OF_PROCESSORS = 16
# environment
ELECTRON_RUN_AS_NODE = 1
# makefile (from 'Makefile', line 210)
LDFLAGS = $(MCU) -specs=nano.specs -T$(LDSCRIPT) $(LIBDIR) $(LIBS) -Wl,-Map=$(BUILD_DIR)/$(TARGET).map,--cref -Wl,--gc-sections,-u_printf_float
# default
.FEATURES := target-specific order-only second-expansion else-if shortest-stem undefine oneshell archives jobserver output-sync
# automatic
%F = $(notdir $%)
# environment
CHROME_CRASHPAD_PIPE_NAME = \\.\pipe\crashpad_29512_IYKFHHHLSZRYVCOV
# makefile (from 'Makefile', line 116)
ASM_SOURCES = startup_stm32f407xx.s
# makefile (from 'Makefile', line 25)
OPT = -O3 -g
# environment
VSCODE_PIPE_LOGGING = true
# environment
COMPUTERNAME = CX_DESK
# environment
PROGRAMFILES = C:\Program Files
# default
.LOADED := 
# environment
DRIVERDATA = C:\Windows\System32\Drivers\DriverData
# environment
ORIGINAL_XDG_CURRENT_DESKTOP = undefined
# environment
USERNAME = 10120
# environment
PUBLIC = C:\Users\Public
# environment
VSCODE_AMD_ENTRYPOINT = vs/workbench/services/extensions/node/extensionHostProcess
# environment
VSCODE_CODE_CACHE_PATH = C:\Users\10120\AppData\Roaming\Code\CachedData\ccbaa2d27e38e5afa3e5c21c1c7bef4657064247
# environment
APPLICATION_INSIGHTS_NO_DIAGNOSTIC_CHANNEL = true
# environment
COMMONPROGRAMFILES = C:\Program Files\Common Files
# environment
LOGONSERVER = \\CX_DESK
# makefile (from 'Makefile', line 123)
PREFIX = arm-none-eabi-
# environment
ONEDRIVECONSUMER = C:\Users\10120\OneDrive
# environment
VSCODE_HANDLES_UNCAUGHT_ERRORS = true
# environment
USERDOMAIN = CX_DESK
# makefile (from 'Makefile', line 160)
C_DEFS = -DUSE_HAL_DRIVER -DSTM32F407xx
# environment
MAKELEVEL := 0
# makefile (from 'Makefile', line 153)
MCU = $(CPU) -mthumb $(FPU) $(FLOAT-ABI)
# makefile (from 'Makefile', line 170)
C_INCLUDES = -ICore/Inc -IDrivers/STM32F4xx_HAL_Driver/Inc -IDrivers/STM32F4xx_HAL_Driver/Inc/Legacy -IMiddlewares/Third_Party/FreeRTOS/Source/include -IMiddlewares/Third_Party/FreeRTOS/Source/CMSIS_RTOS_V2 -IMiddlewares/Third_Party/FreeRTOS/Source/portable/GCC/ARM_CM4F -IDrivers/CMSIS/Device/ST/STM32F4xx/Include -IDrivers/CMSIS/Include -ICore/imu -ICore/lib -ICore/buzzer -IMiddlewares/Third_Party/ARM_CMSIS/CMSIS/DSP/PrivateInclude/ -IMiddlewares/Third_Party/ARM_CMSIS/CMSIS/DSP/Include/ -IMiddlewares/Third_Party/ARM_CMSIS/CMSIS/DSP/Include
# default
MAKE = $(MAKE_COMMAND)
# default
MAKECMDGOALS := all
# makefile (from 'Makefile', line 150)
FLOAT-ABI = -mfloat-abi=hard
# makefile (from 'Makefile', line 137)
HEX = $(CP) -O ihex
# makefile (from 'Makefile', line 132)
CC = $(PREFIX)gcc
# environment
JAVA_HOME = C:\Program Files\Eclipse Adoptium\jdk-11.0.13.8-hotspot\
# makefile (from 'Makefile', line 32)
BUILD_DIR = build
# makefile (from 'Makefile', line 188)
ASFLAGS = $(MCU) $(AS_DEFS) $(AS_INCLUDES) $(OPT) -Wall -fdata-sections -ffunction-sections
# default
MAKE_VERSION := 4.2.1
# makefile
.DEFAULT_GOAL := all
# environment
PROGRAMFILES(X86) = C:\Program Files (x86)
# automatic
%D = $(patsubst %/,%,$(patsubst %\,%,$(dir $%)))
# makefile (from 'Makefile', line 144)
CPU = -mcpu=cortex-m4
# makefile (from 'Makefile', line 147)
FPU = -mfpu=fpv4-sp-d16
# environment
LOCALAPPDATA = C:\Users\10120\AppData\Local
# environment
PSMODULEPATH = C:\Program Files\WindowsPowerShell\Modules;C:\Windows\system32\WindowsPowerShell\v1.0\Modules;C:\Program Files (x86)\Microsoft SQL Server\120\Tools\PowerShell\Modules\
# default
MAKE_COMMAND := make.exe
# makefile (from 'Makefile', line 209)
LIBDIR = 
# default
.VARIABLES := 
# automatic
*F = $(notdir $*)
# environment
PROCESSOR_IDENTIFIER = Intel64 Family 6 Model 158 Stepping 12, GenuineIntel
# environment
OS = Windows_NT
# environment
VSCODE_IPC_HOOK = \\.\pipe\9a00dd3e54a0a117f0b33d096df2d191-1.62.3-main-sock
# environment
HOMEPATH = \Users\10120
# environment
COMMONPROGRAMFILES(X86) = C:\Program Files (x86)\Common Files
# environment
PROMPT = $P$G
# environment
MFLAGS = -pqrR
# automatic
*D = $(patsubst %/,%,$(patsubst %\,%,$(dir $*)))
# environment
SYSTEMROOT = C:\Windows
# automatic
+D = $(patsubst %/,%,$(patsubst %\,%,$(dir $+)))
# automatic
+F = $(notdir $+)
# environment
APPDATA = C:\Users\10120\AppData\Roaming
# environment
TEMP = C:\Users\10120\AppData\Local\Temp
# environment
COMSPEC = C:\Windows\system32\cmd.exe
# default
MAKEFILES := 
# automatic
<F = $(notdir $<)
# environment
LC_ALL = C
# environment
SW_SIM_TEMP = C:\ProgramData\SOLIDWORKS\SW_net_sim_temp\
# makefile (from 'Makefile', line 208)
LIBS = -lc -lm -lnosys 
# automatic
^F = $(notdir $^)
# makefile (from 'Makefile', line 38)
C_SOURCES = Core/Src/main.c Core/Src/gpio.c Core/Src/freertos.c Core/Src/can.c Core/Src/crc.c Core/Src/spi.c Core/Src/tim.c Core/Src/usart.c Core/Src/stm32f4xx_it.c Core/Src/stm32f4xx_hal_msp.c Core/Src/stm32f4xx_hal_timebase_tim.c Drivers/STM32F4xx_HAL_Driver/Src/stm32f4xx_hal_can.c Drivers/STM32F4xx_HAL_Driver/Src/stm32f4xx_hal_rcc.c Drivers/STM32F4xx_HAL_Driver/Src/stm32f4xx_hal_rcc_ex.c Drivers/STM32F4xx_HAL_Driver/Src/stm32f4xx_hal_flash.c Drivers/STM32F4xx_HAL_Driver/Src/stm32f4xx_hal_flash_ex.c Drivers/STM32F4xx_HAL_Driver/Src/stm32f4xx_hal_flash_ramfunc.c Drivers/STM32F4xx_HAL_Driver/Src/stm32f4xx_hal_gpio.c Drivers/STM32F4xx_HAL_Driver/Src/stm32f4xx_hal_dma_ex.c Drivers/STM32F4xx_HAL_Driver/Src/stm32f4xx_hal_dma.c Drivers/STM32F4xx_HAL_Driver/Src/stm32f4xx_hal_pwr.c Drivers/STM32F4xx_HAL_Driver/Src/stm32f4xx_hal_pwr_ex.c Drivers/STM32F4xx_HAL_Driver/Src/stm32f4xx_hal_cortex.c Drivers/STM32F4xx_HAL_Driver/Src/stm32f4xx_hal.c Drivers/STM32F4xx_HAL_Driver/Src/stm32f4xx_hal_exti.c Drivers/STM32F4xx_HAL_Driver/Src/stm32f4xx_hal_crc.c Drivers/STM32F4xx_HAL_Driver/Src/stm32f4xx_hal_spi.c Drivers/STM32F4xx_HAL_Driver/Src/stm32f4xx_hal_tim.c Drivers/STM32F4xx_HAL_Driver/Src/stm32f4xx_hal_tim_ex.c Drivers/STM32F4xx_HAL_Driver/Src/stm32f4xx_hal_uart.c Core/Src/system_stm32f4xx.c Middlewares/Third_Party/FreeRTOS/Source/croutine.c Middlewares/Third_Party/FreeRTOS/Source/event_groups.c Middlewares/Third_Party/FreeRTOS/Source/list.c Middlewares/Third_Party/FreeRTOS/Source/queue.c Middlewares/Third_Party/FreeRTOS/Source/stream_buffer.c Middlewares/Third_Party/FreeRTOS/Source/tasks.c Middlewares/Third_Party/FreeRTOS/Source/timers.c Middlewares/Third_Party/FreeRTOS/Source/CMSIS_RTOS_V2/cmsis_os2.c Middlewares/Third_Party/FreeRTOS/Source/portable/MemMang/heap_4.c Middlewares/Third_Party/FreeRTOS/Source/portable/GCC/ARM_CM4F/port.c Core/imu/BMI088.c Core/lib/common.c Core/lib/pid.c Core/buzzer/buzzer.c Core/lib/MahonyAHRS.c Core/lib/MadgwickAHRS.c Middlewares/Third_Party/ARM_CMSIS/CMSIS/DSP/Source/BasicMathFunctions/BasicMathFunctions.c Middlewares/Third_Party/ARM_CMSIS/CMSIS/DSP/Source/QuaternionMathFunctions/QuaternionMathFunctions.c Middlewares/Third_Party/ARM_CMSIS/CMSIS/DSP/Source/BayesFunctions/BayesFunctions.c Middlewares/Third_Party/ARM_CMSIS/CMSIS/DSP/Source/CommonTables/CommonTables.c Middlewares/Third_Party/ARM_CMSIS/CMSIS/DSP/Source/ComplexMathFunctions/ComplexMathFunctions.c Middlewares/Third_Party/ARM_CMSIS/CMSIS/DSP/Source/ControllerFunctions/ControllerFunctions.c Middlewares/Third_Party/ARM_CMSIS/CMSIS/DSP/Source/DistanceFunctions/DistanceFunctions.c Middlewares/Third_Party/ARM_CMSIS/CMSIS/DSP/Source/FastMathFunctions/FastMathFunctions.c Middlewares/Third_Party/ARM_CMSIS/CMSIS/DSP/Source/FilteringFunctions/FilteringFunctions.c Middlewares/Third_Party/ARM_CMSIS/CMSIS/DSP/Source/MatrixFunctions/MatrixFunctions.c Middlewares/Third_Party/ARM_CMSIS/CMSIS/DSP/Source/StatisticsFunctions/StatisticsFunctions.c Middlewares/Third_Party/ARM_CMSIS/CMSIS/DSP/Source/SupportFunctions/SupportFunctions.c Middlewares/Third_Party/ARM_CMSIS/CMSIS/DSP/Source/SVMFunctions/SVMFunctions.c Middlewares/Third_Party/ARM_CMSIS/CMSIS/DSP/Source/TransformFunctions/TransformFunctions.c Middlewares/Third_Party/ARM_CMSIS/CMSIS/DSP/Source/InterpolationFunctions/InterpolationFunctions.c Middlewares/Third_Party/ARM_CMSIS/CMSIS/DSP/Source/BasicMathFunctions/BasicMathFunctionsF16.c Middlewares/Third_Party/ARM_CMSIS/CMSIS/DSP/Source/ComplexMathFunctions/ComplexMathFunctionsF16.c Middlewares/Third_Party/ARM_CMSIS/CMSIS/DSP/Source/FilteringFunctions/FilteringFunctionsF16.c Middlewares/Third_Party/ARM_CMSIS/CMSIS/DSP/Source/CommonTables/CommonTablesF16.c Middlewares/Third_Party/ARM_CMSIS/CMSIS/DSP/Source/TransformFunctions/TransformFunctionsF16.c Middlewares/Third_Party/ARM_CMSIS/CMSIS/DSP/Source/MatrixFunctions/MatrixFunctionsF16.c Middlewares/Third_Party/ARM_CMSIS/CMSIS/DSP/Source/InterpolationFunctions/InterpolationFunctionsF16.c Middlewares/Third_Party/ARM_CMSIS/CMSIS/DSP/Source/StatisticsFunctions/StatisticsFunctionsF16.c Middlewares/Third_Party/ARM_CMSIS/CMSIS/DSP/Source/SupportFunctions/SupportFunctionsF16.c Middlewares/Third_Party/ARM_CMSIS/CMSIS/DSP/Source/FastMathFunctions/FastMathFunctionsF16.c Middlewares/Third_Party/ARM_CMSIS/CMSIS/DSP/Source/DistanceFunctions/DistanceFunctionsF16.c Middlewares/Third_Party/ARM_CMSIS/CMSIS/DSP/Source/BayesFunctions/BayesFunctionsF16.c Middlewares/Third_Party/ARM_CMSIS/CMSIS/DSP/Source/SVMFunctions/SVMFunctionsF16.c
# default
SUFFIXES := 
# environment
SYSTEMDRIVE = C:
# environment
SESSIONNAME = Console
# environment
PROCESSOR_REVISION = 9e0c
# environment
SW_SIM_MPIT = INTELMPI
# default
.RECIPEPREFIX := 
# makefile (from 'Makefile', line 223)
OBJECTS = $(addprefix $(BUILD_DIR)/,$(notdir $(C_SOURCES:.c=.o))) $(addprefix $(BUILD_DIR)/,$(notdir $(ASM_SOURCES:.s=.o)))
# environment
LANG = C
# environment
PROCESSOR_LEVEL = 6
# environment
FPS_BROWSER_APP_PROFILE_STRING = Internet Explorer
# environment
VSCODE_PID = 29512
# environment
USERDOMAIN_ROAMINGPROFILE = CX_DESK
# variable set hash-table stats:
# Load=125/1024=12%, Rehash=0, Collisions=18/184=10%

# Pattern-specific Variable Values

# No pattern-specific variable values.

# Directories

# Core/lib (key e:/STM32Prj/STM32F407_2022_framework/Core/lib, mtime 1638044973): No files, no impossibilities so far.
# Middlewares/Third_Party/ARM_CMSIS/CMSIS/DSP/Source/ComplexMathFunctions (key e:/STM32Prj/STM32F407_2022_framework/Middlewares/Third_Party/ARM_CMSIS/CMSIS/DSP/Source/ComplexMathFunctions, mtime 1638044972): No files, no impossibilities so far.
# Core/imu (key e:/STM32Prj/STM32F407_2022_framework/Core/imu, mtime 1638044973): No files, no impossibilities so far.
# Middlewares/Third_Party/ARM_CMSIS/CMSIS/DSP/Source/FastMathFunctions (key e:/STM32Prj/STM32F407_2022_framework/Middlewares/Third_Party/ARM_CMSIS/CMSIS/DSP/Source/FastMathFunctions, mtime 1638044972): 19 files, no impossibilities.
# Middlewares/Third_Party/ARM_CMSIS/CMSIS/DSP/Source/QuaternionMathFunctions (key e:/STM32Prj/STM32F407_2022_framework/Middlewares/Third_Party/ARM_CMSIS/CMSIS/DSP/Source/QuaternionMathFunctions, mtime 1638044973): 12 files, no impossibilities.
# Middlewares/Third_Party/ARM_CMSIS/CMSIS/DSP/Source/StatisticsFunctions (key e:/STM32Prj/STM32F407_2022_framework/Middlewares/Third_Party/ARM_CMSIS/CMSIS/DSP/Source/StatisticsFunctions, mtime 1638044973): 59 files, no impossibilities.
# . (key e:/STM32Prj/STM32F407_2022_framework, mtime 1638045056): 13 files, no impossibilities.
# Middlewares/Third_Party/ARM_CMSIS/CMSIS/DSP/Source/BasicMathFunctions (key e:/STM32Prj/STM32F407_2022_framework/Middlewares/Third_Party/ARM_CMSIS/CMSIS/DSP/Source/BasicMathFunctions, mtime 1638044972): No files, no impossibilities so far.
# Middlewares/Third_Party/FreeRTOS/Source/portable/GCC/ARM_CM4F (key e:/STM32Prj/STM32F407_2022_framework/Middlewares/Third_Party/FreeRTOS/Source/portable/GCC/ARM_CM4F, mtime 1638044938): 4 files, no impossibilities.
# Middlewares/Third_Party/ARM_CMSIS/CMSIS/DSP/Source/BayesFunctions (key e:/STM32Prj/STM32F407_2022_framework/Middlewares/Third_Party/ARM_CMSIS/CMSIS/DSP/Source/BayesFunctions, mtime 1638044972): No files, no impossibilities so far.
# Core/buzzer (key e:/STM32Prj/STM32F407_2022_framework/Core/buzzer, mtime 1638044973): No files, no impossibilities so far.
# Middlewares/Third_Party/ARM_CMSIS/CMSIS/DSP/Source/TransformFunctions (key e:/STM32Prj/STM32F407_2022_framework/Middlewares/Third_Party/ARM_CMSIS/CMSIS/DSP/Source/TransformFunctions, mtime 1638044973): 55 files, no impossibilities.
# Middlewares/Third_Party/ARM_CMSIS/CMSIS/DSP/Source/FilteringFunctions (key e:/STM32Prj/STM32F407_2022_framework/Middlewares/Third_Party/ARM_CMSIS/CMSIS/DSP/Source/FilteringFunctions, mtime 1638044973): 116 files, no impossibilities.
# Middlewares/Third_Party/ARM_CMSIS/CMSIS/DSP/Source/CommonTables (key e:/STM32Prj/STM32F407_2022_framework/Middlewares/Third_Party/ARM_CMSIS/CMSIS/DSP/Source/CommonTables, mtime 1638044972): No files, no impossibilities so far.
# Middlewares/Third_Party/ARM_CMSIS/CMSIS/DSP/Source/DistanceFunctions (key e:/STM32Prj/STM32F407_2022_framework/Middlewares/Third_Party/ARM_CMSIS/CMSIS/DSP/Source/DistanceFunctions, mtime 1638044972): 34 files, no impossibilities.
# build: could not be stat'd.
# Middlewares/Third_Party/FreeRTOS/Source (key e:/STM32Prj/STM32F407_2022_framework/Middlewares/Third_Party/FreeRTOS/Source, mtime 1638044938): 12 files, no impossibilities.
# Middlewares/Third_Party/ARM_CMSIS/CMSIS/DSP/Source/SVMFunctions (key e:/STM32Prj/STM32F407_2022_framework/Middlewares/Third_Party/ARM_CMSIS/CMSIS/DSP/Source/SVMFunctions, mtime 1638044973): 21 files, no impossibilities.
# Middlewares/Third_Party/ARM_CMSIS/CMSIS/DSP/Source/MatrixFunctions (key e:/STM32Prj/STM32F407_2022_framework/Middlewares/Third_Party/ARM_CMSIS/CMSIS/DSP/Source/MatrixFunctions, mtime 1638044973): 63 files, no impossibilities.
# Middlewares/Third_Party/FreeRTOS/Source/CMSIS_RTOS_V2 (key e:/STM32Prj/STM32F407_2022_framework/Middlewares/Third_Party/FreeRTOS/Source/CMSIS_RTOS_V2, mtime 1638044938): 7 files, no impossibilities.
# Middlewares/Third_Party/ARM_CMSIS/CMSIS/DSP/Source/SupportFunctions (key e:/STM32Prj/STM32F407_2022_framework/Middlewares/Third_Party/ARM_CMSIS/CMSIS/DSP/Source/SupportFunctions, mtime 1638044973): 45 files, no impossibilities.
# Middlewares/Third_Party/FreeRTOS/Source/portable/MemMang (key e:/STM32Prj/STM32F407_2022_framework/Middlewares/Third_Party/FreeRTOS/Source/portable/MemMang, mtime 1638044938): 3 files, no impossibilities.
# Middlewares/Third_Party/ARM_CMSIS/CMSIS/DSP/Source/ControllerFunctions (key e:/STM32Prj/STM32F407_2022_framework/Middlewares/Third_Party/ARM_CMSIS/CMSIS/DSP/Source/ControllerFunctions, mtime 1638044972): 12 files, no impossibilities.
# Core/Src (key e:/STM32Prj/STM32F407_2022_framework/Core/Src, mtime 1638044938): 7 files, no impossibilities so far.
# Middlewares/Third_Party/ARM_CMSIS/CMSIS/DSP/Source/InterpolationFunctions (key e:/STM32Prj/STM32F407_2022_framework/Middlewares/Third_Party/ARM_CMSIS/CMSIS/DSP/Source/InterpolationFunctions, mtime 1638044973): 17 files, no impossibilities.
# Drivers/STM32F4xx_HAL_Driver/Src (key e:/STM32Prj/STM32F407_2022_framework/Drivers/STM32F4xx_HAL_Driver/Src, mtime 1638044938): No files, no impossibilities so far.

# 499 files, no impossibilities in 26 directories.

# Implicit Rules

build/%.o: %.c Makefile | build
#  recipe to execute (from 'Makefile', line 227):
	$(CC) -c $(CFLAGS) -Wa,-a,-ad,-alms=$(BUILD_DIR)/$(notdir $(<:.c=.lst)) $< -o $@

build/%.o: %.s Makefile | build
#  recipe to execute (from 'Makefile', line 230):
	$(AS) -c $(CFLAGS) $< -o $@

build/%.hex: build/%.elf | build
#  recipe to execute (from 'Makefile', line 237):
	$(HEX) $< $@
	

build/%.bin: build/%.elf | build
#  recipe to execute (from 'Makefile', line 240):
	$(BIN) $< $@	
	

# 4 implicit rules, 0 (0.0%) terminal.

# Files

# Not a target:
build/crc.o:
#  Implicit rule search has not been done.
#  Modification time never checked.
#  File has not been updated.

# Not a target:
build/stm32f4xx_hal_pwr_ex.o:
#  Implicit rule search has not been done.
#  Modification time never checked.
#  File has not been updated.

# Not a target:
build/FilteringFunctionsF16.o:
#  Implicit rule search has not been done.
#  Modification time never checked.
#  File has not been updated.

# Not a target:
build/DistanceFunctionsF16.o:
#  Implicit rule search has not been done.
#  Modification time never checked.
#  File has not been updated.

# Not a target:
build/pid.o:
#  Implicit rule search has not been done.
#  Modification time never checked.
#  File has not been updated.

# Not a target:
build/STM32F407_2022_framework.bin:
#  Implicit rule search has not been done.
#  Modification time never checked.
#  File has not been updated.

# Not a target:
build/StatisticsFunctionsF16.o:
#  Implicit rule search has not been done.
#  Modification time never checked.
#  File has not been updated.

# Not a target:
build/MatrixFunctionsF16.o:
#  Implicit rule search has not been done.
#  Modification time never checked.
#  File has not been updated.

build/main.o: Core/Src/main.c Makefile | build
#  Implicit rule search has been done.
#  Implicit/static pattern stem: 'main'
#  File does not exist.
#  File has been updated.
#  Needs to be updated (-q is set).
# variable set hash-table stats:
# Load=0/32=0%, Rehash=0, Collisions=0/3=0%
#  recipe to execute (from 'Makefile', line 227):
	$(CC) -c $(CFLAGS) -Wa,-a,-ad,-alms=$(BUILD_DIR)/$(notdir $(<:.c=.lst)) $< -o $@

# Not a target:
build/ComplexMathFunctions.o:
#  Implicit rule search has not been done.
#  Modification time never checked.
#  File has not been updated.

# Not a target:
build/stm32f4xx_hal_cortex.o:
#  Implicit rule search has not been done.
#  Modification time never checked.
#  File has not been updated.

# Not a target:
build/tim.o:
#  Implicit rule search has not been done.
#  Modification time never checked.
#  File has not been updated.

build/STM32F407_2022_framework.elf: build/main.o build/gpio.o build/freertos.o build/can.o build/crc.o build/spi.o build/tim.o build/usart.o build/stm32f4xx_it.o build/stm32f4xx_hal_msp.o build/stm32f4xx_hal_timebase_tim.o build/stm32f4xx_hal_can.o build/stm32f4xx_hal_rcc.o build/stm32f4xx_hal_rcc_ex.o build/stm32f4xx_hal_flash.o build/stm32f4xx_hal_flash_ex.o build/stm32f4xx_hal_flash_ramfunc.o build/stm32f4xx_hal_gpio.o build/stm32f4xx_hal_dma_ex.o build/stm32f4xx_hal_dma.o build/stm32f4xx_hal_pwr.o build/stm32f4xx_hal_pwr_ex.o build/stm32f4xx_hal_cortex.o build/stm32f4xx_hal.o build/stm32f4xx_hal_exti.o build/stm32f4xx_hal_crc.o build/stm32f4xx_hal_spi.o build/stm32f4xx_hal_tim.o build/stm32f4xx_hal_tim_ex.o build/stm32f4xx_hal_uart.o build/system_stm32f4xx.o build/croutine.o build/event_groups.o build/list.o build/queue.o build/stream_buffer.o build/tasks.o build/timers.o build/cmsis_os2.o build/heap_4.o build/port.o build/BMI088.o build/common.o build/pid.o build/buzzer.o build/MahonyAHRS.o build/MadgwickAHRS.o build/BasicMathFunctions.o build/QuaternionMathFunctions.o build/BayesFunctions.o build/CommonTables.o build/ComplexMathFunctions.o build/ControllerFunctions.o build/DistanceFunctions.o build/FastMathFunctions.o build/FilteringFunctions.o build/MatrixFunctions.o build/StatisticsFunctions.o build/SupportFunctions.o build/SVMFunctions.o build/TransformFunctions.o build/InterpolationFunctions.o build/BasicMathFunctionsF16.o build/ComplexMathFunctionsF16.o build/FilteringFunctionsF16.o build/CommonTablesF16.o build/TransformFunctionsF16.o build/MatrixFunctionsF16.o build/InterpolationFunctionsF16.o build/StatisticsFunctionsF16.o build/SupportFunctionsF16.o build/FastMathFunctionsF16.o build/DistanceFunctionsF16.o build/BayesFunctionsF16.o build/SVMFunctionsF16.o build/startup_stm32f407xx.o Makefile
#  Implicit rule search has not been done.
#  File does not exist.
#  File has been updated.
#  Needs to be updated (-q is set).
# variable set hash-table stats:
# Load=0/32=0%, Rehash=0, Collisions=0/3=0%
#  recipe to execute (from 'Makefile', line 233):
	$(CC) $(OBJECTS) $(LDFLAGS) -o $@
	$(SZ) $@

# Not a target:
build/stm32f4xx_hal_spi.o:
#  Implicit rule search has not been done.
#  Modification time never checked.
#  File has not been updated.

# Not a target:
build/MadgwickAHRS.o:
#  Implicit rule search has not been done.
#  Modification time never checked.
#  File has not been updated.

all: build/STM32F407_2022_framework.elf build/STM32F407_2022_framework.hex build/STM32F407_2022_framework.bin
#  Command line target.
#  Implicit rule search has been done.
#  File does not exist.
#  File has been updated.
#  Needs to be updated (-q is set).
# variable set hash-table stats:
# Load=0/32=0%, Rehash=0, Collisions=0/3=0%

# Not a target:
build/BMI088.o:
#  Implicit rule search has not been done.
#  Modification time never checked.
#  File has not been updated.

# Not a target:
build/stm32f4xx_hal_flash_ex.o:
#  Implicit rule search has not been done.
#  Modification time never checked.
#  File has not been updated.

# Not a target:
build/usart.o:
#  Implicit rule search has not been done.
#  Modification time never checked.
#  File has not been updated.

# Not a target:
build/heap_4.o:
#  Implicit rule search has not been done.
#  Modification time never checked.
#  File has not been updated.

# Not a target:
build/InterpolationFunctionsF16.o:
#  Implicit rule search has not been done.
#  Modification time never checked.
#  File has not been updated.

# Not a target:
build/CommonTables.o:
#  Implicit rule search has not been done.
#  Modification time never checked.
#  File has not been updated.

# Not a target:
build/stm32f4xx_hal_dma_ex.o:
#  Implicit rule search has not been done.
#  Modification time never checked.
#  File has not been updated.

# Not a target:
build/MahonyAHRS.o:
#  Implicit rule search has not been done.
#  Modification time never checked.
#  File has not been updated.

# Not a target:
build/SVMFunctions.o:
#  Implicit rule search has not been done.
#  Modification time never checked.
#  File has not been updated.

# Not a target:
build/stm32f4xx_hal_can.o:
#  Implicit rule search has not been done.
#  Modification time never checked.
#  File has not been updated.

# Not a target:
build/stm32f4xx_hal_msp.o:
#  Implicit rule search has not been done.
#  Modification time never checked.
#  File has not been updated.

# Not a target:
build/cmsis_os2.o:
#  Implicit rule search has not been done.
#  Modification time never checked.
#  File has not been updated.

# Not a target:
build/stm32f4xx_hal_gpio.o:
#  Implicit rule search has not been done.
#  Modification time never checked.
#  File has not been updated.

# Not a target:
build/stm32f4xx_hal.o:
#  Implicit rule search has not been done.
#  Modification time never checked.
#  File has not been updated.

# Not a target:
.SUFFIXES:
#  Implicit rule search has not been done.
#  Modification time never checked.
#  File has not been updated.

# Not a target:
build/stm32f4xx_hal_crc.o:
#  Implicit rule search has not been done.
#  Modification time never checked.
#  File has not been updated.

# Not a target:
Makefile:
#  Implicit rule search has been done.
#  Last modified 2021-11-28 04:30:51
#  File has been updated.
#  Successfully updated.

# Not a target:
build/event_groups.o:
#  Implicit rule search has not been done.
#  Modification time never checked.
#  File has not been updated.

# Not a target:
build/gpio.o:
#  Implicit rule search has not been done.
#  Modification time never checked.
#  File has not been updated.

# Not a target:
build/stm32f4xx_hal_exti.o:
#  Implicit rule search has not been done.
#  Modification time never checked.
#  File has not been updated.

build:
#  Implicit rule search has not been done.
#  Implicit/static pattern stem: ''
#  File does not exist.
#  File has been updated.
#  Needs to be updated (-q is set).
# automatic
# @ := build
# automatic
# % := 
# automatic
# * := 
# automatic
# + := 
# automatic
# | := 
# automatic
# < := 
# automatic
# ^ := 
# automatic
# ? := 
# variable set hash-table stats:
# Load=8/32=25%, Rehash=0, Collisions=1/12=8%
#  recipe to execute (from 'Makefile', line 243):
	mkdir $@		

# Not a target:
build/stm32f4xx_hal_flash_ramfunc.o:
#  Implicit rule search has not been done.
#  Modification time never checked.
#  File has not been updated.

# Not a target:
build/QuaternionMathFunctions.o:
#  Implicit rule search has not been done.
#  Modification time never checked.
#  File has not been updated.

# Not a target:
build/BasicMathFunctions.o:
#  Implicit rule search has not been done.
#  Modification time never checked.
#  File has not been updated.

# Not a target:
build/BayesFunctions.o:
#  Implicit rule search has not been done.
#  Modification time never checked.
#  File has not been updated.

# Not a target:
build/TransformFunctions.o:
#  Implicit rule search has not been done.
#  Modification time never checked.
#  File has not been updated.

# Not a target:
build/stm32f4xx_it.o:
#  Implicit rule search has not been done.
#  Modification time never checked.
#  File has not been updated.

# Not a target:
build/stream_buffer.o:
#  Implicit rule search has not been done.
#  Modification time never checked.
#  File has not been updated.

# Not a target:
build/queue.o:
#  Implicit rule search has not been done.
#  Modification time never checked.
#  File has not been updated.

# Not a target:
build/freertos.o:
#  Implicit rule search has not been done.
#  Modification time never checked.
#  File has not been updated.

# Not a target:
build/SupportFunctions.o:
#  Implicit rule search has not been done.
#  Modification time never checked.
#  File has not been updated.

# Not a target:
build/ComplexMathFunctionsF16.o:
#  Implicit rule search has not been done.
#  Modification time never checked.
#  File has not been updated.

# Not a target:
build/stm32f4xx_hal_rcc_ex.o:
#  Implicit rule search has not been done.
#  Modification time never checked.
#  File has not been updated.

# Not a target:
build/stm32f4xx_hal_rcc.o:
#  Implicit rule search has not been done.
#  Modification time never checked.
#  File has not been updated.

# Not a target:
build/CommonTablesF16.o:
#  Implicit rule search has not been done.
#  Modification time never checked.
#  File has not been updated.

# Not a target:
build/system_stm32f4xx.o:
#  Implicit rule search has not been done.
#  Modification time never checked.
#  File has not been updated.

# Not a target:
build/stm32f4xx_hal_timebase_tim.o:
#  Implicit rule search has not been done.
#  Modification time never checked.
#  File has not been updated.

# Not a target:
build/SVMFunctionsF16.o:
#  Implicit rule search has not been done.
#  Modification time never checked.
#  File has not been updated.

# Not a target:
.DEFAULT:
#  Implicit rule search has not been done.
#  Modification time never checked.
#  File has not been updated.

# Not a target:
build/stm32f4xx_hal_uart.o:
#  Implicit rule search has not been done.
#  Modification time never checked.
#  File has not been updated.

# Not a target:
build/FastMathFunctions.o:
#  Implicit rule search has not been done.
#  Modification time never checked.
#  File has not been updated.

# Not a target:
build/StatisticsFunctions.o:
#  Implicit rule search has not been done.
#  Modification time never checked.
#  File has not been updated.

# Not a target:
build/port.o:
#  Implicit rule search has not been done.
#  Modification time never checked.
#  File has not been updated.

# Not a target:
build/FilteringFunctions.o:
#  Implicit rule search has not been done.
#  Modification time never checked.
#  File has not been updated.

# Not a target:
build/DistanceFunctions.o:
#  Implicit rule search has not been done.
#  Modification time never checked.
#  File has not been updated.

clean:
#  Implicit rule search has not been done.
#  Modification time never checked.
#  File has not been updated.
#  recipe to execute (from 'Makefile', line 249):
	-rm -fR $(BUILD_DIR)

# Not a target:
build/MatrixFunctions.o:
#  Implicit rule search has not been done.
#  Modification time never checked.
#  File has not been updated.

# Not a target:
build/common.o:
#  Implicit rule search has not been done.
#  Modification time never checked.
#  File has not been updated.

# Not a target:
build/stm32f4xx_hal_tim.o:
#  Implicit rule search has not been done.
#  Modification time never checked.
#  File has not been updated.

# Not a target:
Core/Src/main.c:
#  Implicit rule search has been done.
#  Last modified 2021-11-28 01:29:30
#  File has been updated.
#  Successfully updated.

# Not a target:
build/BasicMathFunctionsF16.o:
#  Implicit rule search has not been done.
#  Modification time never checked.
#  File has not been updated.

# Not a target:
build/startup_stm32f407xx.o:
#  Implicit rule search has not been done.
#  Modification time never checked.
#  File has not been updated.

# Not a target:
build/InterpolationFunctions.o:
#  Implicit rule search has not been done.
#  Modification time never checked.
#  File has not been updated.

# Not a target:
build/BayesFunctionsF16.o:
#  Implicit rule search has not been done.
#  Modification time never checked.
#  File has not been updated.

# Not a target:
build/TransformFunctionsF16.o:
#  Implicit rule search has not been done.
#  Modification time never checked.
#  File has not been updated.

# Not a target:
build/timers.o:
#  Implicit rule search has not been done.
#  Modification time never checked.
#  File has not been updated.

# Not a target:
build/stm32f4xx_hal_pwr.o:
#  Implicit rule search has not been done.
#  Modification time never checked.
#  File has not been updated.

# Not a target:
build/buzzer.o:
#  Implicit rule search has not been done.
#  Modification time never checked.
#  File has not been updated.

# Not a target:
build/spi.o:
#  Implicit rule search has not been done.
#  Modification time never checked.
#  File has not been updated.

# Not a target:
build/croutine.o:
#  Implicit rule search has not been done.
#  Modification time never checked.
#  File has not been updated.

# Not a target:
build/SupportFunctionsF16.o:
#  Implicit rule search has not been done.
#  Modification time never checked.
#  File has not been updated.

# Not a target:
build/ControllerFunctions.o:
#  Implicit rule search has not been done.
#  Modification time never checked.
#  File has not been updated.

# Not a target:
build/stm32f4xx_hal_flash.o:
#  Implicit rule search has not been done.
#  Modification time never checked.
#  File has not been updated.

# Not a target:
build/tasks.o:
#  Implicit rule search has not been done.
#  Modification time never checked.
#  File has not been updated.

# Not a target:
build/can.o:
#  Implicit rule search has not been done.
#  Modification time never checked.
#  File has not been updated.

# Not a target:
build/STM32F407_2022_framework.hex:
#  Implicit rule search has not been done.
#  Modification time never checked.
#  File has not been updated.

# Not a target:
build/stm32f4xx_hal_dma.o:
#  Implicit rule search has not been done.
#  Modification time never checked.
#  File has not been updated.

# Not a target:
build/stm32f4xx_hal_tim_ex.o:
#  Implicit rule search has not been done.
#  Modification time never checked.
#  File has not been updated.

# Not a target:
build/list.o:
#  Implicit rule search has not been done.
#  Modification time never checked.
#  File has not been updated.

# Not a target:
build/FastMathFunctionsF16.o:
#  Implicit rule search has not been done.
#  Modification time never checked.
#  File has not been updated.

# files hash-table stats:
# Load=86/1024=8%, Rehash=0, Collisions=12/192=6%
# VPATH Search Paths

vpath %.c Core/Src;Core/buzzer;Core/imu;Core/lib;Drivers/STM32F4xx_HAL_Driver/Src;Middlewares/Third_Party/ARM_CMSIS/CMSIS/DSP/Source/BasicMathFunctions;Middlewares/Third_Party/ARM_CMSIS/CMSIS/DSP/Source/BayesFunctions;Middlewares/Third_Party/ARM_CMSIS/CMSIS/DSP/Source/CommonTables;Middlewares/Third_Party/ARM_CMSIS/CMSIS/DSP/Source/ComplexMathFunctions;Middlewares/Third_Party/ARM_CMSIS/CMSIS/DSP/Source/ControllerFunctions;Middlewares/Third_Party/ARM_CMSIS/CMSIS/DSP/Source/DistanceFunctions;Middlewares/Third_Party/ARM_CMSIS/CMSIS/DSP/Source/FastMathFunctions;Middlewares/Third_Party/ARM_CMSIS/CMSIS/DSP/Source/FilteringFunctions;Middlewares/Third_Party/ARM_CMSIS/CMSIS/DSP/Source/InterpolationFunctions;Middlewares/Third_Party/ARM_CMSIS/CMSIS/DSP/Source/MatrixFunctions;Middlewares/Third_Party/ARM_CMSIS/CMSIS/DSP/Source/QuaternionMathFunctions;Middlewares/Third_Party/ARM_CMSIS/CMSIS/DSP/Source/SVMFunctions;Middlewares/Third_Party/ARM_CMSIS/CMSIS/DSP/Source/StatisticsFunctions;Middlewares/Third_Party/ARM_CMSIS/CMSIS/DSP/Source/SupportFunctions;Middlewares/Third_Party/ARM_CMSIS/CMSIS/DSP/Source/TransformFunctions;Middlewares/Third_Party/FreeRTOS/Source;Middlewares/Third_Party/FreeRTOS/Source/CMSIS_RTOS_V2;Middlewares/Third_Party/FreeRTOS/Source/portable/GCC/ARM_CM4F;Middlewares/Third_Party/FreeRTOS/Source/portable/MemMang

# 1 'vpath' search paths.

# No general ('VPATH' variable) search path.

# strcache buffers: 2 (1) / strings = 573 / storage = 13046 B / avg = 22 B
# current buf: size = 8162 B / used = 4892 B / count = 246 / avg = 19 B
# other used: total = 8154 B / count = 327 / avg = 24 B
# other free: total = 8 B / max = 8 B / min = 8 B / avg = 8 B

# strcache performance: lookups = 667 / hit rate = 14%
# hash-table stats:
# Load=573/8192=7%, Rehash=0, Collisions=52/667=8%
# Finished Make data base 
 on Sun Nov 28 04:31:00 2021

 
